mode: set
github.com/CloudRoamer/aimo-libs/config/merge/merger.go:17.40,19.2 1 1
github.com/CloudRoamer/aimo-libs/config/merge/merger.go:21.88,24.33 2 1
github.com/CloudRoamer/aimo-libs/config/merge/merger.go:24.33,25.31 1 1
github.com/CloudRoamer/aimo-libs/config/merge/merger.go:25.31,27.4 1 1
github.com/CloudRoamer/aimo-libs/config/merge/merger.go:30.2,30.15 1 1
github.com/CloudRoamer/aimo-libs/config/config.go:71.36,72.11 1 1
github.com/CloudRoamer/aimo-libs/config/config.go:73.23,74.18 1 1
github.com/CloudRoamer/aimo-libs/config/config.go:75.23,76.18 1 1
github.com/CloudRoamer/aimo-libs/config/config.go:77.23,78.18 1 1
github.com/CloudRoamer/aimo-libs/config/config.go:79.23,80.18 1 1
github.com/CloudRoamer/aimo-libs/config/config.go:81.22,82.17 1 1
github.com/CloudRoamer/aimo-libs/config/config.go:83.10,84.19 1 1
github.com/CloudRoamer/aimo-libs/config/config.go:134.34,138.2 1 1
github.com/CloudRoamer/aimo-libs/config/config.go:141.62,145.2 1 1
github.com/CloudRoamer/aimo-libs/config/config.go:147.52,150.2 2 1
github.com/CloudRoamer/aimo-libs/config/config.go:152.70,153.32 1 1
github.com/CloudRoamer/aimo-libs/config/config.go:153.32,155.3 1 1
github.com/CloudRoamer/aimo-libs/config/config.go:156.2,156.19 1 1
github.com/CloudRoamer/aimo-libs/config/config.go:159.61,160.32 1 1
github.com/CloudRoamer/aimo-libs/config/config.go:160.32,162.3 1 1
github.com/CloudRoamer/aimo-libs/config/config.go:163.2,163.19 1 1
github.com/CloudRoamer/aimo-libs/config/config.go:166.67,167.32 1 0
github.com/CloudRoamer/aimo-libs/config/config.go:167.32,169.3 1 0
github.com/CloudRoamer/aimo-libs/config/config.go:170.2,170.19 1 0
github.com/CloudRoamer/aimo-libs/config/config.go:173.73,174.32 1 0
github.com/CloudRoamer/aimo-libs/config/config.go:174.32,176.3 1 0
github.com/CloudRoamer/aimo-libs/config/config.go:177.2,177.19 1 0
github.com/CloudRoamer/aimo-libs/config/config.go:180.64,181.32 1 1
github.com/CloudRoamer/aimo-libs/config/config.go:181.32,183.3 1 1
github.com/CloudRoamer/aimo-libs/config/config.go:184.2,184.19 1 1
github.com/CloudRoamer/aimo-libs/config/config.go:187.86,188.32 1 1
github.com/CloudRoamer/aimo-libs/config/config.go:188.32,190.3 1 1
github.com/CloudRoamer/aimo-libs/config/config.go:191.2,191.19 1 1
github.com/CloudRoamer/aimo-libs/config/config.go:194.79,195.32 1 1
github.com/CloudRoamer/aimo-libs/config/config.go:195.32,197.3 1 1
github.com/CloudRoamer/aimo-libs/config/config.go:198.2,198.19 1 1
github.com/CloudRoamer/aimo-libs/config/config.go:201.95,202.32 1 1
github.com/CloudRoamer/aimo-libs/config/config.go:202.32,204.3 1 1
github.com/CloudRoamer/aimo-libs/config/config.go:205.2,205.19 1 1
github.com/CloudRoamer/aimo-libs/config/config.go:208.38,210.24 2 1
github.com/CloudRoamer/aimo-libs/config/config.go:210.24,212.3 1 1
github.com/CloudRoamer/aimo-libs/config/config.go:213.2,213.13 1 1
github.com/CloudRoamer/aimo-libs/config/config.go:216.43,219.2 2 1
github.com/CloudRoamer/aimo-libs/config/errors.go:31.38,33.2 1 0
github.com/CloudRoamer/aimo-libs/config/errors.go:35.38,37.2 1 0
github.com/CloudRoamer/aimo-libs/config/manager.go:28.49,39.27 3 1
github.com/CloudRoamer/aimo-libs/config/manager.go:39.27,41.3 1 0
github.com/CloudRoamer/aimo-libs/config/manager.go:43.2,43.10 1 1
github.com/CloudRoamer/aimo-libs/config/manager.go:48.57,54.44 4 1
github.com/CloudRoamer/aimo-libs/config/manager.go:54.44,56.3 1 1
github.com/CloudRoamer/aimo-libs/config/manager.go:58.2,58.10 1 1
github.com/CloudRoamer/aimo-libs/config/manager.go:62.51,67.2 3 1
github.com/CloudRoamer/aimo-libs/config/manager.go:70.57,73.35 2 1
github.com/CloudRoamer/aimo-libs/config/manager.go:73.35,75.17 2 1
github.com/CloudRoamer/aimo-libs/config/manager.go:75.17,77.4 1 1
github.com/CloudRoamer/aimo-libs/config/manager.go:78.3,78.40 1 1
github.com/CloudRoamer/aimo-libs/config/manager.go:82.2,85.12 3 1
github.com/CloudRoamer/aimo-libs/config/manager.go:89.33,93.35 3 1
github.com/CloudRoamer/aimo-libs/config/manager.go:93.35,95.21 2 1
github.com/CloudRoamer/aimo-libs/config/manager.go:95.21,96.12 1 1
github.com/CloudRoamer/aimo-libs/config/manager.go:99.3,100.17 2 1
github.com/CloudRoamer/aimo-libs/config/manager.go:100.17,102.4 1 0
github.com/CloudRoamer/aimo-libs/config/manager.go:104.3,107.44 2 1
github.com/CloudRoamer/aimo-libs/config/manager.go:110.2,110.12 1 1
github.com/CloudRoamer/aimo-libs/config/manager.go:114.73,115.6 1 1
github.com/CloudRoamer/aimo-libs/config/manager.go:115.6,116.10 1 1
github.com/CloudRoamer/aimo-libs/config/manager.go:117.23,118.10 1 1
github.com/CloudRoamer/aimo-libs/config/manager.go:119.31,120.11 1 1
github.com/CloudRoamer/aimo-libs/config/manager.go:120.11,122.5 1 1
github.com/CloudRoamer/aimo-libs/config/manager.go:124.4,124.36 1 1
github.com/CloudRoamer/aimo-libs/config/manager.go:124.36,127.13 2 0
github.com/CloudRoamer/aimo-libs/config/manager.go:131.4,133.46 3 1
github.com/CloudRoamer/aimo-libs/config/manager.go:133.46,141.13 3 0
github.com/CloudRoamer/aimo-libs/config/manager.go:143.4,146.47 3 1
github.com/CloudRoamer/aimo-libs/config/manager.go:152.53,156.2 3 1
github.com/CloudRoamer/aimo-libs/config/manager.go:159.74,165.31 5 1
github.com/CloudRoamer/aimo-libs/config/manager.go:165.31,167.3 1 1
github.com/CloudRoamer/aimo-libs/config/manager.go:171.35,175.2 3 1
github.com/CloudRoamer/aimo-libs/config/manager.go:178.33,182.31 3 1
github.com/CloudRoamer/aimo-libs/config/manager.go:182.31,183.34 1 1
github.com/CloudRoamer/aimo-libs/config/manager.go:183.34,185.4 1 1
github.com/CloudRoamer/aimo-libs/config/manager.go:188.2,188.19 1 1
github.com/CloudRoamer/aimo-libs/config/manager.go:188.19,190.3 1 1
github.com/CloudRoamer/aimo-libs/config/manager.go:191.2,191.12 1 1
github.com/CloudRoamer/aimo-libs/config/manager.go:195.42,197.27 2 1
github.com/CloudRoamer/aimo-libs/config/manager.go:197.27,199.3 1 1
github.com/CloudRoamer/aimo-libs/config/manager.go:200.2,200.35 1 1
github.com/CloudRoamer/aimo-libs/config/manager.go:204.32,206.2 1 1
github.com/CloudRoamer/aimo-libs/config/manager.go:211.74,214.33 2 1
github.com/CloudRoamer/aimo-libs/config/manager.go:214.33,215.31 1 1
github.com/CloudRoamer/aimo-libs/config/manager.go:215.31,217.4 1 1
github.com/CloudRoamer/aimo-libs/config/manager.go:220.2,220.15 1 1
github.com/CloudRoamer/aimo-libs/config/options.go:7.46,8.26 1 0
github.com/CloudRoamer/aimo-libs/config/options.go:8.26,10.3 1 0
github.com/CloudRoamer/aimo-libs/config/value.go:17.31,19.2 1 1
github.com/CloudRoamer/aimo-libs/config/value.go:22.41,24.2 1 1
github.com/CloudRoamer/aimo-libs/config/value.go:27.26,29.2 1 1
github.com/CloudRoamer/aimo-libs/config/value.go:32.32,33.18 1 1
github.com/CloudRoamer/aimo-libs/config/value.go:33.18,35.3 1 1
github.com/CloudRoamer/aimo-libs/config/value.go:36.2,36.29 1 1
github.com/CloudRoamer/aimo-libs/config/value.go:37.14,38.13 1 1
github.com/CloudRoamer/aimo-libs/config/value.go:39.10,40.32 1 1
github.com/CloudRoamer/aimo-libs/config/value.go:45.40,46.18 1 1
github.com/CloudRoamer/aimo-libs/config/value.go:46.18,48.3 1 1
github.com/CloudRoamer/aimo-libs/config/value.go:50.2,50.29 1 1
github.com/CloudRoamer/aimo-libs/config/value.go:51.11,52.13 1 1
github.com/CloudRoamer/aimo-libs/config/value.go:53.13,54.18 1 1
github.com/CloudRoamer/aimo-libs/config/value.go:55.15,56.18 1 1
github.com/CloudRoamer/aimo-libs/config/value.go:57.14,59.17 2 1
github.com/CloudRoamer/aimo-libs/config/value.go:59.17,61.4 1 1
github.com/CloudRoamer/aimo-libs/config/value.go:62.3,62.11 1 1
github.com/CloudRoamer/aimo-libs/config/value.go:63.10,64.20 1 0
github.com/CloudRoamer/aimo-libs/config/value.go:69.46,70.18 1 0
github.com/CloudRoamer/aimo-libs/config/value.go:70.18,72.3 1 0
github.com/CloudRoamer/aimo-libs/config/value.go:74.2,74.29 1 0
github.com/CloudRoamer/aimo-libs/config/value.go:75.13,76.13 1 0
github.com/CloudRoamer/aimo-libs/config/value.go:77.11,78.20 1 0
github.com/CloudRoamer/aimo-libs/config/value.go:79.15,80.20 1 0
github.com/CloudRoamer/aimo-libs/config/value.go:81.14,83.17 2 0
github.com/CloudRoamer/aimo-libs/config/value.go:83.17,85.4 1 0
github.com/CloudRoamer/aimo-libs/config/value.go:86.3,86.11 1 0
github.com/CloudRoamer/aimo-libs/config/value.go:87.10,88.20 1 0
github.com/CloudRoamer/aimo-libs/config/value.go:93.52,94.18 1 1
github.com/CloudRoamer/aimo-libs/config/value.go:94.18,96.3 1 1
github.com/CloudRoamer/aimo-libs/config/value.go:98.2,98.29 1 1
github.com/CloudRoamer/aimo-libs/config/value.go:99.15,100.13 1 0
github.com/CloudRoamer/aimo-libs/config/value.go:101.15,102.22 1 1
github.com/CloudRoamer/aimo-libs/config/value.go:103.11,104.22 1 0
github.com/CloudRoamer/aimo-libs/config/value.go:105.13,106.22 1 0
github.com/CloudRoamer/aimo-libs/config/value.go:107.14,109.17 2 1
github.com/CloudRoamer/aimo-libs/config/value.go:109.17,111.4 1 1
github.com/CloudRoamer/aimo-libs/config/value.go:112.3,112.11 1 0
github.com/CloudRoamer/aimo-libs/config/value.go:113.10,114.20 1 0
github.com/CloudRoamer/aimo-libs/config/value.go:119.43,120.18 1 1
github.com/CloudRoamer/aimo-libs/config/value.go:120.18,122.3 1 1
github.com/CloudRoamer/aimo-libs/config/value.go:124.2,124.29 1 1
github.com/CloudRoamer/aimo-libs/config/value.go:125.12,126.13 1 1
github.com/CloudRoamer/aimo-libs/config/value.go:127.14,129.17 2 1
github.com/CloudRoamer/aimo-libs/config/value.go:129.17,131.4 1 1
github.com/CloudRoamer/aimo-libs/config/value.go:132.3,132.11 1 1
github.com/CloudRoamer/aimo-libs/config/value.go:133.10,134.20 1 0
github.com/CloudRoamer/aimo-libs/config/value.go:139.65,140.18 1 1
github.com/CloudRoamer/aimo-libs/config/value.go:140.18,142.3 1 0
github.com/CloudRoamer/aimo-libs/config/value.go:144.2,144.29 1 1
github.com/CloudRoamer/aimo-libs/config/value.go:145.21,146.13 1 1
github.com/CloudRoamer/aimo-libs/config/value.go:147.13,148.28 1 1
github.com/CloudRoamer/aimo-libs/config/value.go:149.14,151.17 2 1
github.com/CloudRoamer/aimo-libs/config/value.go:151.17,153.4 1 1
github.com/CloudRoamer/aimo-libs/config/value.go:154.3,154.11 1 1
github.com/CloudRoamer/aimo-libs/config/value.go:155.10,156.20 1 0
github.com/CloudRoamer/aimo-libs/config/value.go:161.58,162.18 1 1
github.com/CloudRoamer/aimo-libs/config/value.go:162.18,164.3 1 0
github.com/CloudRoamer/aimo-libs/config/value.go:166.2,166.29 1 1
github.com/CloudRoamer/aimo-libs/config/value.go:167.16,168.13 1 1
github.com/CloudRoamer/aimo-libs/config/value.go:169.13,171.28 2 1
github.com/CloudRoamer/aimo-libs/config/value.go:171.28,173.4 1 1
github.com/CloudRoamer/aimo-libs/config/value.go:174.3,174.16 1 1
github.com/CloudRoamer/aimo-libs/config/value.go:175.14,178.61 2 1
github.com/CloudRoamer/aimo-libs/config/value.go:178.61,180.4 1 1
github.com/CloudRoamer/aimo-libs/config/value.go:182.3,184.27 3 1
github.com/CloudRoamer/aimo-libs/config/value.go:184.27,185.54 1 1
github.com/CloudRoamer/aimo-libs/config/value.go:185.54,187.5 1 1
github.com/CloudRoamer/aimo-libs/config/value.go:189.3,189.22 1 1
github.com/CloudRoamer/aimo-libs/config/value.go:189.22,191.4 1 1
github.com/CloudRoamer/aimo-libs/config/value.go:192.3,192.20 1 1
github.com/CloudRoamer/aimo-libs/config/value.go:193.10,194.20 1 0
github.com/CloudRoamer/aimo-libs/config/value.go:199.74,200.18 1 1
github.com/CloudRoamer/aimo-libs/config/value.go:200.18,202.3 1 0
github.com/CloudRoamer/aimo-libs/config/value.go:204.2,204.29 1 1
github.com/CloudRoamer/aimo-libs/config/value.go:205.25,206.13 1 1
github.com/CloudRoamer/aimo-libs/config/value.go:207.22,209.25 2 1
github.com/CloudRoamer/aimo-libs/config/value.go:209.25,211.4 1 1
github.com/CloudRoamer/aimo-libs/config/value.go:212.3,212.16 1 1
github.com/CloudRoamer/aimo-libs/config/value.go:213.14,215.57 2 1
github.com/CloudRoamer/aimo-libs/config/value.go:215.57,217.4 1 1
github.com/CloudRoamer/aimo-libs/config/value.go:218.3,218.20 1 1
github.com/CloudRoamer/aimo-libs/config/value.go:219.10,220.20 1 0
github.com/CloudRoamer/aimo-libs/config/source/env/env.go:28.39,29.25 1 1
github.com/CloudRoamer/aimo-libs/config/source/env/env.go:29.25,31.3 1 1
github.com/CloudRoamer/aimo-libs/config/source/env/env.go:35.39,36.25 1 0
github.com/CloudRoamer/aimo-libs/config/source/env/env.go:36.25,38.3 1 0
github.com/CloudRoamer/aimo-libs/config/source/env/env.go:42.33,43.25 1 1
github.com/CloudRoamer/aimo-libs/config/source/env/env.go:43.25,45.3 1 1
github.com/CloudRoamer/aimo-libs/config/source/env/env.go:51.52,52.25 1 1
github.com/CloudRoamer/aimo-libs/config/source/env/env.go:52.25,54.3 1 1
github.com/CloudRoamer/aimo-libs/config/source/env/env.go:58.34,65.27 2 1
github.com/CloudRoamer/aimo-libs/config/source/env/env.go:65.27,67.3 1 1
github.com/CloudRoamer/aimo-libs/config/source/env/env.go:70.2,70.25 1 1
github.com/CloudRoamer/aimo-libs/config/source/env/env.go:70.25,71.45 1 1
github.com/CloudRoamer/aimo-libs/config/source/env/env.go:71.45,73.22 2 1
github.com/CloudRoamer/aimo-libs/config/source/env/env.go:73.22,75.5 1 1
github.com/CloudRoamer/aimo-libs/config/source/env/env.go:76.4,78.14 3 1
github.com/CloudRoamer/aimo-libs/config/source/env/env.go:82.2,82.10 1 1
github.com/CloudRoamer/aimo-libs/config/source/env/env.go:85.32,87.2 1 1
github.com/CloudRoamer/aimo-libs/config/source/env/env.go:89.33,91.2 1 1
github.com/CloudRoamer/aimo-libs/config/source/env/env.go:93.77,96.35 2 1
github.com/CloudRoamer/aimo-libs/config/source/env/env.go:96.35,98.22 2 1
github.com/CloudRoamer/aimo-libs/config/source/env/env.go:98.22,99.12 1 0
github.com/CloudRoamer/aimo-libs/config/source/env/env.go:102.3,105.58 2 1
github.com/CloudRoamer/aimo-libs/config/source/env/env.go:105.58,106.12 1 1
github.com/CloudRoamer/aimo-libs/config/source/env/env.go:109.3,110.45 2 1
github.com/CloudRoamer/aimo-libs/config/source/env/env.go:113.2,113.20 1 1
github.com/CloudRoamer/aimo-libs/config/source/env/env.go:117.41,119.2 1 1
github.com/CloudRoamer/aimo-libs/config/source/postgres/options.go:7.37,8.25 1 1
github.com/CloudRoamer/aimo-libs/config/source/postgres/options.go:8.25,10.3 1 1
github.com/CloudRoamer/aimo-libs/config/source/postgres/options.go:14.50,15.25 1 1
github.com/CloudRoamer/aimo-libs/config/source/postgres/options.go:15.25,18.3 2 1
github.com/CloudRoamer/aimo-libs/config/source/postgres/options.go:22.33,23.25 1 0
github.com/CloudRoamer/aimo-libs/config/source/postgres/options.go:23.25,25.3 1 0
github.com/CloudRoamer/aimo-libs/config/source/postgres/postgres.go:30.55,32.16 2 1
github.com/CloudRoamer/aimo-libs/config/source/postgres/postgres.go:32.16,34.3 1 0
github.com/CloudRoamer/aimo-libs/config/source/postgres/postgres.go:36.2,36.34 1 1
github.com/CloudRoamer/aimo-libs/config/source/postgres/postgres.go:36.34,39.3 2 1
github.com/CloudRoamer/aimo-libs/config/source/postgres/postgres.go:41.2,49.27 2 0
github.com/CloudRoamer/aimo-libs/config/source/postgres/postgres.go:49.27,51.3 1 0
github.com/CloudRoamer/aimo-libs/config/source/postgres/postgres.go:53.2,53.15 1 0
github.com/CloudRoamer/aimo-libs/config/source/postgres/postgres.go:56.32,58.2 1 1
github.com/CloudRoamer/aimo-libs/config/source/postgres/postgres.go:60.33,62.2 1 1
github.com/CloudRoamer/aimo-libs/config/source/postgres/postgres.go:64.77,71.16 3 0
github.com/CloudRoamer/aimo-libs/config/source/postgres/postgres.go:71.16,73.3 1 0
github.com/CloudRoamer/aimo-libs/config/source/postgres/postgres.go:74.2,77.18 3 0
github.com/CloudRoamer/aimo-libs/config/source/postgres/postgres.go:77.18,79.49 2 0
github.com/CloudRoamer/aimo-libs/config/source/postgres/postgres.go:79.49,81.4 1 0
github.com/CloudRoamer/aimo-libs/config/source/postgres/postgres.go:82.3,82.39 1 0
github.com/CloudRoamer/aimo-libs/config/source/postgres/postgres.go:85.2,85.35 1 0
github.com/CloudRoamer/aimo-libs/config/source/postgres/postgres.go:85.35,87.3 1 0
github.com/CloudRoamer/aimo-libs/config/source/postgres/postgres.go:89.2,89.20 1 0
github.com/CloudRoamer/aimo-libs/config/source/postgres/postgres.go:94.41,96.2 1 1
github.com/CloudRoamer/aimo-libs/config/source/postgres/postgres.go:99.32,101.2 1 0
github.com/CloudRoamer/aimo-libs/config/source/file/file.go:34.38,35.25 1 0
github.com/CloudRoamer/aimo-libs/config/source/file/file.go:35.25,37.3 1 0
github.com/CloudRoamer/aimo-libs/config/source/file/file.go:41.33,42.25 1 0
github.com/CloudRoamer/aimo-libs/config/source/file/file.go:42.25,44.3 1 0
github.com/CloudRoamer/aimo-libs/config/source/file/file.go:48.56,50.49 1 1
github.com/CloudRoamer/aimo-libs/config/source/file/file.go:50.49,52.3 1 1
github.com/CloudRoamer/aimo-libs/config/source/file/file.go:54.2,61.13 3 1
github.com/CloudRoamer/aimo-libs/config/source/file/file.go:62.15,63.23 1 1
github.com/CloudRoamer/aimo-libs/config/source/file/file.go:64.23,65.23 1 1
github.com/CloudRoamer/aimo-libs/config/source/file/file.go:66.10,67.61 1 1
github.com/CloudRoamer/aimo-libs/config/source/file/file.go:70.2,70.27 1 1
github.com/CloudRoamer/aimo-libs/config/source/file/file.go:70.27,72.3 1 0
github.com/CloudRoamer/aimo-libs/config/source/file/file.go:74.2,74.15 1 1
github.com/CloudRoamer/aimo-libs/config/source/file/file.go:77.32,79.2 1 1
github.com/CloudRoamer/aimo-libs/config/source/file/file.go:81.33,83.2 1 1
github.com/CloudRoamer/aimo-libs/config/source/file/file.go:85.77,87.16 2 1
github.com/CloudRoamer/aimo-libs/config/source/file/file.go:87.16,89.3 1 0
github.com/CloudRoamer/aimo-libs/config/source/file/file.go:92.2,93.51 2 1
github.com/CloudRoamer/aimo-libs/config/source/file/file.go:93.51,95.3 1 1
github.com/CloudRoamer/aimo-libs/config/source/file/file.go:98.2,101.20 3 1
github.com/CloudRoamer/aimo-libs/config/source/file/file.go:105.82,106.25 1 1
github.com/CloudRoamer/aimo-libs/config/source/file/file.go:106.25,108.19 2 1
github.com/CloudRoamer/aimo-libs/config/source/file/file.go:108.19,110.4 1 1
github.com/CloudRoamer/aimo-libs/config/source/file/file.go:112.3,112.26 1 1
github.com/CloudRoamer/aimo-libs/config/source/file/file.go:113.23,114.29 1 1
github.com/CloudRoamer/aimo-libs/config/source/file/file.go:115.20,118.28 2 0
github.com/CloudRoamer/aimo-libs/config/source/file/file.go:118.28,120.5 1 0
github.com/CloudRoamer/aimo-libs/config/source/file/file.go:121.4,121.35 1 0
github.com/CloudRoamer/aimo-libs/config/source/file/file.go:122.11,123.49 1 1
github.com/CloudRoamer/aimo-libs/config/source/file/file.go:129.41,131.2 1 0
github.com/CloudRoamer/aimo-libs/config/source/file/watcher.go:19.39,24.2 1 0
github.com/CloudRoamer/aimo-libs/config/source/file/watcher.go:26.75,28.16 2 0
github.com/CloudRoamer/aimo-libs/config/source/file/watcher.go:28.16,30.3 1 0
github.com/CloudRoamer/aimo-libs/config/source/file/watcher.go:32.2,32.46 1 0
github.com/CloudRoamer/aimo-libs/config/source/file/watcher.go:32.46,35.3 2 0
github.com/CloudRoamer/aimo-libs/config/source/file/watcher.go:37.2,41.23 3 0
github.com/CloudRoamer/aimo-libs/config/source/file/watcher.go:44.75,48.6 3 0
github.com/CloudRoamer/aimo-libs/config/source/file/watcher.go:48.6,49.10 1 0
github.com/CloudRoamer/aimo-libs/config/source/file/watcher.go:50.21,51.10 1 0
github.com/CloudRoamer/aimo-libs/config/source/file/watcher.go:52.19,53.10 1 0
github.com/CloudRoamer/aimo-libs/config/source/file/watcher.go:54.40,55.11 1 0
github.com/CloudRoamer/aimo-libs/config/source/file/watcher.go:55.11,57.5 1 0
github.com/CloudRoamer/aimo-libs/config/source/file/watcher.go:60.4,60.96 1 0
github.com/CloudRoamer/aimo-libs/config/source/file/watcher.go:60.96,66.5 1 0
github.com/CloudRoamer/aimo-libs/config/source/file/watcher.go:67.38,68.11 1 0
github.com/CloudRoamer/aimo-libs/config/source/file/watcher.go:68.11,70.5 1 0
github.com/CloudRoamer/aimo-libs/config/source/file/watcher.go:71.4,76.5 1 0
github.com/CloudRoamer/aimo-libs/config/source/file/watcher.go:81.32,84.2 2 0
github.com/CloudRoamer/aimo-libs/config/source/consul/consul.go:31.59,36.16 4 1
github.com/CloudRoamer/aimo-libs/config/source/consul/consul.go:36.16,38.3 1 1
github.com/CloudRoamer/aimo-libs/config/source/consul/consul.go:41.2,42.16 2 1
github.com/CloudRoamer/aimo-libs/config/source/consul/consul.go:42.16,44.3 1 0
github.com/CloudRoamer/aimo-libs/config/source/consul/consul.go:46.2,53.27 2 1
github.com/CloudRoamer/aimo-libs/config/source/consul/consul.go:53.27,55.3 1 1
github.com/CloudRoamer/aimo-libs/config/source/consul/consul.go:57.2,57.15 1 1
github.com/CloudRoamer/aimo-libs/config/source/consul/consul.go:60.32,62.2 1 1
github.com/CloudRoamer/aimo-libs/config/source/consul/consul.go:64.33,66.2 1 1
github.com/CloudRoamer/aimo-libs/config/source/consul/consul.go:68.77,72.16 3 1
github.com/CloudRoamer/aimo-libs/config/source/consul/consul.go:72.16,74.3 1 0
github.com/CloudRoamer/aimo-libs/config/source/consul/consul.go:76.2,79.29 3 1
github.com/CloudRoamer/aimo-libs/config/source/consul/consul.go:79.29,82.35 2 0
github.com/CloudRoamer/aimo-libs/config/source/consul/consul.go:82.35,84.12 1 0
github.com/CloudRoamer/aimo-libs/config/source/consul/consul.go:88.3,90.52 2 0
github.com/CloudRoamer/aimo-libs/config/source/consul/consul.go:93.2,93.20 1 1
github.com/CloudRoamer/aimo-libs/config/source/consul/consul.go:97.41,101.22 3 1
github.com/CloudRoamer/aimo-libs/config/source/consul/consul.go:101.22,103.3 1 1
github.com/CloudRoamer/aimo-libs/config/source/consul/consul.go:104.2,104.18 1 1
github.com/CloudRoamer/aimo-libs/config/source/consul/options.go:14.39,15.25 1 1
github.com/CloudRoamer/aimo-libs/config/source/consul/options.go:15.25,17.3 1 1
github.com/CloudRoamer/aimo-libs/config/source/consul/options.go:21.33,22.25 1 1
github.com/CloudRoamer/aimo-libs/config/source/consul/options.go:22.25,24.3 1 1
github.com/CloudRoamer/aimo-libs/config/source/consul/options.go:29.37,30.25 1 0
github.com/CloudRoamer/aimo-libs/config/source/consul/options.go:30.26,34.3 0 0
github.com/CloudRoamer/aimo-libs/config/source/consul/options.go:38.47,39.25 1 0
github.com/CloudRoamer/aimo-libs/config/source/consul/options.go:39.25,41.17 2 0
github.com/CloudRoamer/aimo-libs/config/source/consul/options.go:41.17,43.4 1 0
github.com/CloudRoamer/aimo-libs/config/source/consul/options.go:48.39,49.25 1 0
github.com/CloudRoamer/aimo-libs/config/source/consul/options.go:49.25,51.3 1 0
github.com/CloudRoamer/aimo-libs/config/source/consul/watcher.go:28.67,34.2 1 1
github.com/CloudRoamer/aimo-libs/config/source/consul/watcher.go:36.75,42.2 3 0
github.com/CloudRoamer/aimo-libs/config/source/consul/watcher.go:44.46,49.6 3 0
github.com/CloudRoamer/aimo-libs/config/source/consul/watcher.go:49.6,50.10 1 0
github.com/CloudRoamer/aimo-libs/config/source/consul/watcher.go:51.21,52.10 1 0
github.com/CloudRoamer/aimo-libs/config/source/consul/watcher.go:53.19,54.10 1 0
github.com/CloudRoamer/aimo-libs/config/source/consul/watcher.go:55.11,55.11 0 0
github.com/CloudRoamer/aimo-libs/config/source/consul/watcher.go:59.3,65.17 3 0
github.com/CloudRoamer/aimo-libs/config/source/consul/watcher.go:65.17,73.11 2 0
github.com/CloudRoamer/aimo-libs/config/source/consul/watcher.go:74.22,75.11 1 0
github.com/CloudRoamer/aimo-libs/config/source/consul/watcher.go:76.20,77.11 1 0
github.com/CloudRoamer/aimo-libs/config/source/consul/watcher.go:78.37,79.13 1 0
github.com/CloudRoamer/aimo-libs/config/source/consul/watcher.go:84.3,84.35 1 0
github.com/CloudRoamer/aimo-libs/config/source/consul/watcher.go:84.35,90.31 4 0
github.com/CloudRoamer/aimo-libs/config/source/consul/watcher.go:90.31,92.37 2 0
github.com/CloudRoamer/aimo-libs/config/source/consul/watcher.go:92.37,95.6 2 0
github.com/CloudRoamer/aimo-libs/config/source/consul/watcher.go:98.4,103.5 1 0
github.com/CloudRoamer/aimo-libs/config/source/consul/watcher.go:108.32,111.2 2 0
